Using pre-set license
Built from '2020.3/staging' branch; Version is '2020.3.26f1 (7298b473bc1a) revision 7510196'; Using compiler version '192528614'; Build Type 'Release'
OS: 'Windows 11  (10.0.22000) 64bit Core' Language: 'en' Physical Memory: 32118 MB
BatchMode: 1, IsHumanControllingUs: 0, StartBugReporterOnCrash: 0, Is64bit: 1, IsPro: 0

COMMAND LINE ARGUMENTS:
C:\Program Files\2020.3.26f1\Editor\Unity.exe
-adb2
-batchMode
-noUpm
-name
AssetImportWorker0
-projectPath
C:/Users/csviv/Desktop/code/spring
-logFile
Logs/AssetImportWorker0.log
-srvPort
51974
Successfully changed project path to: C:/Users/csviv/Desktop/code/spring
C:/Users/csviv/Desktop/code/spring
Using Asset Import Pipeline V2.
Refreshing native plugins compatible for Editor in 56.28 ms, found 3 plugins.
Preloading 0 native plugins for Editor in 0.00 ms.
Initialize engine version: 2020.3.26f1 (7298b473bc1a)
[Subsystems] Discovering subsystems at path C:/Program Files/2020.3.26f1/Editor/Data/Resources/UnitySubsystems
[Subsystems] Discovering subsystems at path C:/Users/csviv/Desktop/code/spring/Assets
GfxDevice: creating device client; threaded=0
Direct3D:
    Version:  Direct3D 11.0 [level 11.1]
    Renderer: NVIDIA GeForce RTX 3060 Laptop GPU (ID=0x2560)
    Vendor:   
    VRAM:     6023 MB
    Driver:   30.0.14.7219
Initialize mono
Mono path[0] = 'C:/Program Files/2020.3.26f1/Editor/Data/Managed'
Mono path[1] = 'C:/Program Files/2020.3.26f1/Editor/Data/MonoBleedingEdge/lib/mono/unityjit'
Mono config path = 'C:/Program Files/2020.3.26f1/Editor/Data/MonoBleedingEdge/etc'
Using monoOptions --debugger-agent=transport=dt_socket,embedding=1,server=y,suspend=n,address=127.0.0.1:56928
Begin MonoManager ReloadAssembly
Registering precompiled unity dll's ...
Register platform support module: C:/Program Files/2020.3.26f1/Editor/Data/PlaybackEngines/WebGLSupport/UnityEditor.WebGL.Extensions.dll
Register platform support module: C:/Program Files/2020.3.26f1/Editor/Data/PlaybackEngines/WindowsStandaloneSupport/UnityEditor.WindowsStandalone.Extensions.dll
Registered in 0.001228 seconds.
Native extension for WindowsStandalone target not found
Native extension for WebGL target not found
Refreshing native plugins compatible for Editor in 68.50 ms, found 3 plugins.
Preloading 0 native plugins for Editor in 0.00 ms.
Mono: successfully reloaded assembly
- Completed reload, in  0.580 seconds
Domain Reload Profiling:
	ReloadAssembly (580ms)
		BeginReloadAssembly (37ms)
			ExecutionOrderSort (0ms)
			DisableScriptedObjects (0ms)
			BackupInstance (0ms)
			ReleaseScriptingObjects (0ms)
			CreateAndSetChildDomain (1ms)
		EndReloadAssembly (488ms)
			LoadAssemblies (36ms)
			RebuildTransferFunctionScriptingTraits (0ms)
			SetupTypeCache (132ms)
			ReleaseScriptCaches (0ms)
			RebuildScriptCaches (26ms)
			SetupLoadedEditorAssemblies (236ms)
				LogAssemblyErrors (0ms)
				InitializePlatformSupportModulesInManaged (4ms)
				SetLoadedEditorAssemblies (0ms)
				RefreshPlugins (69ms)
				BeforeProcessingInitializeOnLoad (27ms)
				ProcessInitializeOnLoadAttributes (113ms)
				ProcessInitializeOnLoadMethodAttributes (22ms)
				AfterProcessingInitializeOnLoad (0ms)
				EditorAssembliesLoaded (0ms)
			ExecutionOrderSort2 (0ms)
			AwakeInstancesAfterBackupRestoration (0ms)
Platform modules already initialized, skipping
Registering precompiled user dll's ...
Registered in 0.003760 seconds.
Begin MonoManager ReloadAssembly
Native extension for WindowsStandalone target not found
Native extension for WebGL target not found
Refreshing native plugins compatible for Editor in 55.37 ms, found 3 plugins.
Preloading 0 native plugins for Editor in 0.00 ms.
Mono: successfully reloaded assembly
- Completed reload, in  1.170 seconds
Domain Reload Profiling:
	ReloadAssembly (1171ms)
		BeginReloadAssembly (103ms)
			ExecutionOrderSort (0ms)
			DisableScriptedObjects (5ms)
			BackupInstance (0ms)
			ReleaseScriptingObjects (0ms)
			CreateAndSetChildDomain (19ms)
		EndReloadAssembly (1010ms)
			LoadAssemblies (73ms)
			RebuildTransferFunctionScriptingTraits (0ms)
			SetupTypeCache (375ms)
			ReleaseScriptCaches (0ms)
			RebuildScriptCaches (62ms)
			SetupLoadedEditorAssemblies (342ms)
				LogAssemblyErrors (0ms)
				InitializePlatformSupportModulesInManaged (17ms)
				SetLoadedEditorAssemblies (0ms)
				RefreshPlugins (55ms)
				BeforeProcessingInitializeOnLoad (84ms)
				ProcessInitializeOnLoadAttributes (167ms)
				ProcessInitializeOnLoadMethodAttributes (15ms)
				AfterProcessingInitializeOnLoad (3ms)
				EditorAssembliesLoaded (0ms)
			ExecutionOrderSort2 (0ms)
			AwakeInstancesAfterBackupRestoration (6ms)
Platform modules already initialized, skipping
========================================================================
Worker process is ready to serve import requests
Launched and connected shader compiler UnityShaderCompiler.exe after 0.05 seconds
Refreshing native plugins compatible for Editor in 1.39 ms, found 3 plugins.
Preloading 0 native plugins for Editor in 0.00 ms.
Unloading 3356 Unused Serialized files (Serialized files now loaded: 0)
System memory in use before: 142.9 MB.
System memory in use after: 143.1 MB.

Unloading 31 unused Assets to reduce memory usage. Loaded Objects now: 3792.
Total: 18.306200 ms (FindLiveObjects: 0.504700 ms CreateObjectMapping: 0.435000 ms MarkObjects: 17.272900 ms  DeleteObjects: 0.092600 ms)

AssetImportParameters requested are different than current active one (requested -> active):
  custom:framework-win-MediaFoundation: 216162199b28c13a410421893ffa2e32 -> 
  custom:video-decoder-ogg-theora: a1e56fd34408186e4bbccfd4996cb3dc -> 
  custom:container-muxer-webm: aa71ff27fc2769a1b78a27578f13a17b -> 
  custom:container-demuxer-webm: 4f35f7cbe854078d1ac9338744f61a02 -> 
  custom:container-demuxer-ogg: 62fdf1f143b41e24485cea50d1cbac27 -> 
  custom:video-encoder-webm-vp8: eb34c28f22e8b96e1ab97ce403110664 -> 
  custom:video-codec-MediaFoundation-h265: 746d11721c4dcdbdad8f713fa42b33f4 -> 
  custom:video-decoder-webm-vp8: 9c59270c3fd7afecdb556c50c9e8de78 -> 
  custom:audio-decoder-ogg-vorbis: bf7c407c2cedff20999df2af8eb42d56 -> 
  custom:audio-encoder-webm-vorbis: bf7c407c2cedff20999df2af8eb42d56 -> 
========================================================================
Received Import Request.
  path: Assets/Froggy.psb
  artifactKey: Guid(7dadead8ce088cb4aae80f65b8956429) Importer(815301076,1909f56bfc062723c751e8b465ee728b)
Start importing Assets/Froggy.psb using Guid(7dadead8ce088cb4aae80f65b8956429) Importer(815301076,1909f56bfc062723c751e8b465ee728b)  -> (artifact id: 'c5614e10127ef9ba056e684b375a3003') in 0.952596 seconds 
  Import took 0.957868 seconds .

========================================================================
Received Import Request.
  Time since last request: 0.000168 seconds.
  path: Assets/Plugins/Demigiant/DOTween/Editor/Imgs/Header.jpg
  artifactKey: Guid(78a59ca99f8987941adb61f9e14a06a7) Importer(815301076,1909f56bfc062723c751e8b465ee728b)
Start importing Assets/Plugins/Demigiant/DOTween/Editor/Imgs/Header.jpg using Guid(78a59ca99f8987941adb61f9e14a06a7) Importer(815301076,1909f56bfc062723c751e8b465ee728b)  -> (artifact id: 'b5086b370eaa5e9a58aaf70203ab7e05') in 0.017367 seconds 
  Import took 0.021426 seconds .

========================================================================
Received Import Request.
  Time since last request: 0.000152 seconds.
  path: Assets/Plugins/Demigiant/DOTween/Editor/Imgs/Footer.png
  artifactKey: Guid(7051dba417b3d53409f2918f1ea4938d) Importer(815301076,1909f56bfc062723c751e8b465ee728b)
Start importing Assets/Plugins/Demigiant/DOTween/Editor/Imgs/Footer.png using Guid(7051dba417b3d53409f2918f1ea4938d) Importer(815301076,1909f56bfc062723c751e8b465ee728b)  -> (artifact id: 'cff06a2e395bde1e9732de4399bc863d') in 0.017979 seconds 
  Import took 0.022794 seconds .

========================================================================
Received Import Request.
  Time since last request: 0.000156 seconds.
  path: Assets/Trees/Cherry Tree 2.png
  artifactKey: Guid(28ca6cea78104b24784821420168701e) Importer(815301076,1909f56bfc062723c751e8b465ee728b)
Start importing Assets/Trees/Cherry Tree 2.png using Guid(28ca6cea78104b24784821420168701e) Importer(815301076,1909f56bfc062723c751e8b465ee728b)  -> (artifact id: 'dbe57f7421e5c82b186051368c902c3d') in 0.042825 seconds 
  Import took 0.047032 seconds .

========================================================================
Received Import Request.
  Time since last request: 0.000147 seconds.
  path: Assets/Art/trees/cherry tree/Cherry.png
  artifactKey: Guid(8e5285177b094cb408a5ff50263ce5f7) Importer(815301076,1909f56bfc062723c751e8b465ee728b)
Start importing Assets/Art/trees/cherry tree/Cherry.png using Guid(8e5285177b094cb408a5ff50263ce5f7) Importer(815301076,1909f56bfc062723c751e8b465ee728b)  -> (artifact id: '96d3675166bcfe56988f2ee5737acb85') in 0.071082 seconds 
  Import took 0.076113 seconds .

========================================================================
Received Import Request.
  Time since last request: 0.000153 seconds.
  path: Assets/Art/flowers/False_Indigo.png
  artifactKey: Guid(a6b5890cb33ac1e4d95b9f4195674d52) Importer(815301076,1909f56bfc062723c751e8b465ee728b)
Start importing Assets/Art/flowers/False_Indigo.png using Guid(a6b5890cb33ac1e4d95b9f4195674d52) Importer(815301076,1909f56bfc062723c751e8b465ee728b)  -> (artifact id: '87795709eec00f6527fc6a2b82ba39e7') in 0.101277 seconds 
  Import took 0.121799 seconds .

========================================================================
Received Import Request.
  Time since last request: 0.000296 seconds.
  path: Assets/Art/Flower1.png
  artifactKey: Guid(5a720ee34147c954ca5630766ea12c0d) Importer(815301076,1909f56bfc062723c751e8b465ee728b)
Start importing Assets/Art/Flower1.png using Guid(5a720ee34147c954ca5630766ea12c0d) Importer(815301076,1909f56bfc062723c751e8b465ee728b)  -> (artifact id: '5a6a1d8099b029ccf08eb4181a911fb1') in 0.096305 seconds 
  Import took 0.109295 seconds .

========================================================================
Received Import Request.
  Time since last request: 0.000199 seconds.
  path: Assets/Art/UI/HTOWERT.TTF
  artifactKey: Guid(5607a63f3652f4e43ba26bb97b9fd8b2) Importer(815301076,1909f56bfc062723c751e8b465ee728b)
Start importing Assets/Art/UI/HTOWERT.TTF using Guid(5607a63f3652f4e43ba26bb97b9fd8b2) Importer(815301076,1909f56bfc062723c751e8b465ee728b)  -> (artifact id: 'db380873631f60a993b236c7594ad558') in 0.093580 seconds 
  Import took 0.099349 seconds .

========================================================================
Received Import Request.
  Time since last request: 0.000140 seconds.
  path: Assets/Flowers/Crimson Clover.png
  artifactKey: Guid(0ab0bff532dd06e44a1307856cbdcf7e) Importer(815301076,1909f56bfc062723c751e8b465ee728b)
Start importing Assets/Flowers/Crimson Clover.png using Guid(0ab0bff532dd06e44a1307856cbdcf7e) Importer(815301076,1909f56bfc062723c751e8b465ee728b)  -> (artifact id: 'cc94ecf87fa387ef5b20693b7cf9aedc') in 0.049848 seconds 
  Import took 0.054604 seconds .

========================================================================
Received Import Request.
  Time since last request: 0.000166 seconds.
  path: Assets/Art/flowers/Coneflower.png
  artifactKey: Guid(c8d7a30094a54ba48a2ae185b65904d2) Importer(815301076,1909f56bfc062723c751e8b465ee728b)
Start importing Assets/Art/flowers/Coneflower.png using Guid(c8d7a30094a54ba48a2ae185b65904d2) Importer(815301076,1909f56bfc062723c751e8b465ee728b)  -> (artifact id: '9089b22db42e01621ec84ea1843c80c0') in 0.070545 seconds 
  Import took 0.084189 seconds .

========================================================================
Received Import Request.
  Time since last request: 0.000186 seconds.
  path: Assets/Trees/Cherry Tree 1.png
  artifactKey: Guid(50992aa012a040a418c4aebf000165f3) Importer(815301076,1909f56bfc062723c751e8b465ee728b)
Start importing Assets/Trees/Cherry Tree 1.png using Guid(50992aa012a040a418c4aebf000165f3) Importer(815301076,1909f56bfc062723c751e8b465ee728b)  -> (artifact id: 'c1abfeb20767882f325b5d433c798d2c') in 0.043338 seconds 
  Import took 0.048302 seconds .

========================================================================
Received Import Request.
  Time since last request: 0.000165 seconds.
  path: Assets/Trees/Cherry Tree 3.png
  artifactKey: Guid(1c4428d1e6154034db6451c7a934b574) Importer(815301076,1909f56bfc062723c751e8b465ee728b)
Start importing Assets/Trees/Cherry Tree 3.png using Guid(1c4428d1e6154034db6451c7a934b574) Importer(815301076,1909f56bfc062723c751e8b465ee728b)  -> (artifact id: '2f34959526ac03de2dad0e1ce633176b') in 0.026404 seconds 
  Import took 0.031159 seconds .

========================================================================
Received Import Request.
  Time since last request: 0.000160 seconds.
  path: Assets/Art/Flower2.png
  artifactKey: Guid(7edc267175a8d8242ab82edb5e666157) Importer(815301076,1909f56bfc062723c751e8b465ee728b)
Start importing Assets/Art/Flower2.png using Guid(7edc267175a8d8242ab82edb5e666157) Importer(815301076,1909f56bfc062723c751e8b465ee728b)  -> (artifact id: 'cbb484492c21bc56cd55109c030ddb9c') in 0.040667 seconds 
  Import took 0.044639 seconds .

========================================================================
Received Import Request.
  Time since last request: 0.000188 seconds.
  path: Assets/Plugins/Demigiant/DOTween/Editor/Imgs/Footer_dark.png
  artifactKey: Guid(519694efe2bb2914788b151fbd8c01f4) Importer(815301076,1909f56bfc062723c751e8b465ee728b)
Start importing Assets/Plugins/Demigiant/DOTween/Editor/Imgs/Footer_dark.png using Guid(519694efe2bb2914788b151fbd8c01f4) Importer(815301076,1909f56bfc062723c751e8b465ee728b)  -> (artifact id: '561a941b3388803f82bb2102f97574d6') in 0.010716 seconds 
  Import took 0.014861 seconds .

========================================================================
Received Import Request.
  Time since last request: 0.000151 seconds.
  path: Assets/Art/clipart-duck-frog-11.png
  artifactKey: Guid(5e95bebb3105f6640aef5f59b5740796) Importer(815301076,1909f56bfc062723c751e8b465ee728b)
Start importing Assets/Art/clipart-duck-frog-11.png using Guid(5e95bebb3105f6640aef5f59b5740796) Importer(815301076,1909f56bfc062723c751e8b465ee728b)  -> (artifact id: '859b06f6066c9d493a03d3ee9644fee8') in 0.051684 seconds 
  Import took 0.055996 seconds .

========================================================================
Received Import Request.
  Time since last request: 0.000152 seconds.
  path: Assets/Plugins/Demigiant/DOTween/Editor/Imgs/DOTweenIcon.png
  artifactKey: Guid(8da095e39e9b4df488dfd436f81116d6) Importer(815301076,1909f56bfc062723c751e8b465ee728b)
Start importing Assets/Plugins/Demigiant/DOTween/Editor/Imgs/DOTweenIcon.png using Guid(8da095e39e9b4df488dfd436f81116d6) Importer(815301076,1909f56bfc062723c751e8b465ee728b)  -> (artifact id: '450c94b18014482d3747f50abac7df3d') in 0.036860 seconds 
  Import took 0.041206 seconds .

========================================================================
Received Import Request.
  Time since last request: 0.000167 seconds.
  path: Assets/TextMesh Pro/Sprites/EmojiOne.png
  artifactKey: Guid(dffef66376be4fa480fb02b19edbe903) Importer(815301076,1909f56bfc062723c751e8b465ee728b)
Start importing Assets/TextMesh Pro/Sprites/EmojiOne.png using Guid(dffef66376be4fa480fb02b19edbe903) Importer(815301076,1909f56bfc062723c751e8b465ee728b)  -> (artifact id: '15770c780ebad2127a7dba05b3837a4c') in 0.025105 seconds 
  Import took 0.029791 seconds .

========================================================================
Received Import Request.
  Time since last request: 0.000169 seconds.
  path: Assets/Art/trees/Grass.png
  artifactKey: Guid(2c9bc18c64f524e4983696974ca94f3c) Importer(815301076,1909f56bfc062723c751e8b465ee728b)
Start importing Assets/Art/trees/Grass.png using Guid(2c9bc18c64f524e4983696974ca94f3c) Importer(815301076,1909f56bfc062723c751e8b465ee728b)  -> (artifact id: 'bb7c3d97632e6c0edbb3fd513608d3fa') in 0.015839 seconds 
  Import took 0.021286 seconds .

========================================================================
Received Import Request.
  Time since last request: 0.000167 seconds.
  path: Assets/Art/Froggo.png
  artifactKey: Guid(8fbfa2755f1156d4ea58cd6e2066aad7) Importer(815301076,1909f56bfc062723c751e8b465ee728b)
Start importing Assets/Art/Froggo.png using Guid(8fbfa2755f1156d4ea58cd6e2066aad7) Importer(815301076,1909f56bfc062723c751e8b465ee728b)  -> (artifact id: '9d97c1ea77b35e64c14d0797698eb29c') in 0.048958 seconds 
  Import took 0.053509 seconds .

========================================================================
Received Import Request.
  Time since last request: 0.000170 seconds.
  path: Assets/Art/flowers/Crimson Clover.png
  artifactKey: Guid(38ac9d7c55e1e38418ebcdfbf0663200) Importer(815301076,1909f56bfc062723c751e8b465ee728b)
Start importing Assets/Art/flowers/Crimson Clover.png using Guid(38ac9d7c55e1e38418ebcdfbf0663200) Importer(815301076,1909f56bfc062723c751e8b465ee728b)  -> (artifact id: '07c8a91688c9d47027ca4fda7255e4b6') in 0.045134 seconds 
  Import took 0.051478 seconds .

========================================================================
Received Import Request.
  Time since last request: 0.000320 seconds.
  path: Assets/Trees/Cherry Tree 4.png
  artifactKey: Guid(526985a5242649b46bf2fc97390fc0e2) Importer(815301076,1909f56bfc062723c751e8b465ee728b)
Start importing Assets/Trees/Cherry Tree 4.png using Guid(526985a5242649b46bf2fc97390fc0e2) Importer(815301076,1909f56bfc062723c751e8b465ee728b)  -> (artifact id: '7a93b355071ce0d68b51c51bc881401e') in 0.044661 seconds 
  Import took 0.055772 seconds .

========================================================================
Received Import Request.
  Time since last request: 0.000406 seconds.
  path: Assets/Art/UI/Button Generic.png
  artifactKey: Guid(6d884d95a1ae43a43bd7094ea89efcb1) Importer(815301076,1909f56bfc062723c751e8b465ee728b)
Start importing Assets/Art/UI/Button Generic.png using Guid(6d884d95a1ae43a43bd7094ea89efcb1) Importer(815301076,1909f56bfc062723c751e8b465ee728b)  -> (artifact id: '51477bcbb6bbf7ab85b2e260c8651bb5') in 0.064974 seconds 
  Import took 0.079491 seconds .

========================================================================
Received Import Request.
  Time since last request: 0.000201 seconds.
  path: Assets/Art/Flower3.png
  artifactKey: Guid(8403bfa4184acf6468e2638b0adc2a5e) Importer(815301076,1909f56bfc062723c751e8b465ee728b)
Start importing Assets/Art/Flower3.png using Guid(8403bfa4184acf6468e2638b0adc2a5e) Importer(815301076,1909f56bfc062723c751e8b465ee728b)  -> (artifact id: '7e595624301fd5ad0580cacd8c723c4d') in 0.031369 seconds 
  Import took 0.041715 seconds .

========================================================================
Received Import Request.
  Time since last request: 0.000234 seconds.
  path: Assets/Art/trees/cherry tree/Cherry Flower.png
  artifactKey: Guid(d80348b888780b645a3d95fbccc36ff0) Importer(815301076,1909f56bfc062723c751e8b465ee728b)
Start importing Assets/Art/trees/cherry tree/Cherry Flower.png using Guid(d80348b888780b645a3d95fbccc36ff0) Importer(815301076,1909f56bfc062723c751e8b465ee728b)  -> (artifact id: 'e0834ee6a7713320f17016c9029214d8') in 0.043107 seconds 
  Import took 0.049128 seconds .

AssetImportWorkerClient::OnTransportError - code=2 error=End of file
